[ 2023-11-30 01:06:47,201 ] 27 root - INFO - Data ingestion method starts
[ 2023-11-30 01:06:50,826 ] 32 root - INFO - Dataset read as pandas DataFrame
[ 2023-11-30 01:07:13,941 ] 55 root - INFO - Ingestion of Data is completed
[ 2023-11-30 01:07:18,332 ] 86 root - INFO - Read train and test data completed!
[ 2023-11-30 01:07:18,345 ] 87 root - INFO - Train DataFrame Head : 
          V1        V2         V3         V4        V5        V6         V7        V8        V9        V10       V11        V12       V13        V14       V15       V16        V17       V18       V19       V20       V21       V22       V23       V24       V25       V26       V27       V28      Amount  Class
0  -6.370459  3.306401   1.724991  -1.589581  0.174936  0.232403   2.967884 -3.421005  7.937413  11.515880  3.023644  -0.781401 -1.140026  -5.800852  0.406259 -1.723657  -2.375979 -0.529492 -0.100033  2.943972 -1.614332  0.387513 -0.364322  0.480224  0.154904 -0.535302 -4.787907 -3.696616   12.330000      0
1  -3.562852 -1.660687  -0.249267   2.011036 -0.245997 -0.468648  -0.273485  0.212225  0.046479  -0.942792 -0.195789  -1.511064 -1.328607  -0.861943  0.378668 -1.604152  -1.461959 -0.706144  1.255026 -1.037757 -0.020262  0.610567  0.287110  0.008990  0.139507 -0.100324  0.244815  0.138464  205.779186      1
2 -16.753420  9.535452 -23.596917  11.831092 -9.719547 -2.496041 -17.181657  1.690022 -6.271791 -12.942467  9.604274 -13.767783  0.881231 -13.345949 -0.395014 -7.784610 -11.692224 -4.747066  0.594731  0.996882 -2.338023  0.982237  1.226675 -1.049995  0.016116  0.670070  2.112353 -1.419724    1.000000      1
3   0.813313  4.112261  -7.219743   7.184851  1.216787 -2.802975  -1.246233  0.322495 -2.205215  -4.316734  4.568427  -7.852573  1.279527  -9.393129 -0.065298 -1.168930   1.574749  1.218477 -0.661164  0.487748  0.287467 -0.071841  0.073865 -0.471518 -0.493505  0.482453  0.610002  0.202120    1.000000      1
4  -1.901942  1.410219  -2.345857   2.967063 -3.017255 -0.281748  -2.003017  1.146656 -1.823776  -4.387845  1.894558  -3.297036  1.276047  -5.425972 -0.117301 -4.128258  -5.297347 -2.018315  2.395733  0.981491  0.785131  0.474674  0.494736  0.162483  0.064911  0.642658  0.465362  0.160826  316.666393      1
[ 2023-11-30 01:07:18,363 ] 88 root - INFO - Test DataFrame Head : 
         V1        V2        V3        V4        V5        V6        V7        V8        V9       V10       V11       V12       V13       V14       V15       V16       V17       V18       V19       V20       V21       V22       V23       V24       V25       V26       V27       V28      Amount  Class
0  0.333013  1.278456 -2.000862  2.380249 -1.486828 -1.331343 -2.474150  0.620760 -1.133610 -3.219988  3.473998 -3.818172 -1.855734 -4.464968  0.577762 -2.317244 -5.187841 -0.744099  0.269244  0.241382  0.561367  0.193764 -0.190490  0.197567  0.726314 -0.222545  0.582746  0.299553    6.475074      1
1  0.460159  0.719421  0.407079  0.903498  0.454488 -0.239740  0.320852 -0.031607 -0.401919 -0.282802  0.231758  0.314616  0.455624 -0.389723  0.933532  0.294380 -0.048425  0.407210  0.094086 -0.035652 -0.026169 -0.026009 -0.146247 -0.439727  0.468241 -0.321484 -0.016868  0.015833    1.095347      1
2  1.912425  1.002942 -2.096620  3.888450  1.625492  0.548371  0.298430  0.070718 -1.192579  0.503190  0.458759  0.184273  0.509164 -2.466668 -1.957980  1.517714  0.953921  1.166402 -1.202403 -0.130954 -0.007579  0.158043 -0.090726 -0.361723  0.343725  0.162962 -0.008667 -0.009739    8.916698      1
3 -1.347252  0.991584 -0.589326  0.824918 -1.389947  0.194992  0.653385 -0.254728 -0.165346 -1.369007  0.628449 -1.960163 -0.310891 -2.025281  2.090220 -2.132456 -2.055952 -0.872178  1.351255  0.269034  0.303520  0.221255  0.326013 -0.330040 -0.601685 -0.512404 -0.312000  0.108480  299.451818      1
4 -0.377066  0.984515  0.988848 -0.261443  0.563332  0.197124  0.489867  0.281753 -0.543286 -0.373187  1.015985  0.226542 -0.318792 -0.155705  0.545137  0.508486 -0.188241  0.187780  0.102294  0.086154 -0.234987 -0.625894 -0.077312 -0.732204 -0.187063  0.128292  0.254469  0.076702    3.570000      0
[ 2023-11-30 01:07:18,363 ] 90 root - INFO - Obtaining preprocessing object:
[ 2023-11-30 01:07:18,363 ] 31 root - INFO - Data transformation Initiated
[ 2023-11-30 01:07:18,363 ] 40 root - INFO - Data Transformation Pipeline Initiated!
[ 2023-11-30 01:07:18,364 ] 70 root - INFO - Data Transformation Completed
[ 2023-11-30 01:07:21,027 ] 120 root - INFO - Applying preprocessing object on training and testing datasets.
[ 2023-11-30 01:07:21,040 ] 29 root - INFO - Splitting Dependent and Independent Variables from Train and Test Data:
[ 2023-11-30 01:07:25,091 ] 47 root - INFO - Model Report: {'LogisticRegression': 0.957639751552795}
[ 2023-11-30 01:07:25,092 ] 57 root - INFO - Best Model found, Model Name is: LogisticRegression with f1-score: 0.957639751552795
